<?xml version="1.0" encoding="UTF-8"?>
<!-- Generated by org.testng.reporters.JUnitXMLReporter -->
<testsuite ignored="2" hostname="Hcl-PC" failures="0" tests="1" name="Default test" time="118.728" errors="0" timestamp="2023-09-18T12:38:14 IST">
  <testcase classname="demoTest.MobileApplication1" name="launchAdsApp" time="117.93"/>
  <testcase classname="demoTest.MobileApplication1" name="messageApp" time="0.0">
    <ignored/>
  </testcase> <!-- messageApp -->
  <testcase classname="demoTest.MobileApplication1" name="installApp" time="0.0">
    <ignored/>
  </testcase> <!-- installApp -->
</testsuite> <!-- Default test -->
