<?xml version="1.0" encoding="UTF-8"?>
<testng-results ignored="0" total="1" passed="1" failed="0" skipped="0">
  <reporter-output>
  </reporter-output>
  <suite started-at="2023-09-18T12:36:14 IST" name="Default suite" finished-at="2023-09-18T12:38:13 IST" duration-ms="118728">
    <groups>
    </groups>
    <test started-at="2023-09-18T12:36:14 IST" name="Default test" finished-at="2023-09-18T12:38:13 IST" duration-ms="118728">
      <class name="demoTest.MobileApplication1">
        <test-method signature="launchAdsApp()[pri:0, instance:demoTest.MobileApplication1@7c7b252e]" started-at="2023-09-18T12:36:15 IST" name="launchAdsApp" finished-at="2023-09-18T12:38:13 IST" duration-ms="117930" status="PASS">
          <reporter-output>
          </reporter-output>
        </test-method> <!-- launchAdsApp -->
      </class> <!-- demoTest.MobileApplication1 -->
    </test> <!-- Default test -->
  </suite> <!-- Default suite -->
</testng-results>
